2022-03-16 11:04:43,430 INFO o.a.j.u.JMeterUtils: Setting Locale to en_EN
2022-03-16 11:04:43,469 INFO o.a.j.JMeter: Loading user properties from: user.properties
2022-03-16 11:04:43,469 INFO o.a.j.JMeter: Loading system properties from: system.properties
2022-03-16 11:04:43,477 INFO o.a.j.JMeter: Copyright (c) 1998-2021 The Apache Software Foundation
2022-03-16 11:04:43,477 INFO o.a.j.JMeter: Version 5.4.3
2022-03-16 11:04:43,477 INFO o.a.j.JMeter: java.version=11.0.14
2022-03-16 11:04:43,477 INFO o.a.j.JMeter: java.vm.name=Java HotSpot(TM) 64-Bit Server VM
2022-03-16 11:04:43,477 INFO o.a.j.JMeter: os.name=Windows Server 2019
2022-03-16 11:04:43,477 INFO o.a.j.JMeter: os.arch=amd64
2022-03-16 11:04:43,477 INFO o.a.j.JMeter: os.version=10.0
2022-03-16 11:04:43,477 INFO o.a.j.JMeter: file.encoding=Cp1252
2022-03-16 11:04:43,478 INFO o.a.j.JMeter: java.awt.headless=null
2022-03-16 11:04:43,478 INFO o.a.j.JMeter: Max memory     =1073741824
2022-03-16 11:04:43,478 INFO o.a.j.JMeter: Available Processors =4
2022-03-16 11:04:43,488 INFO o.a.j.JMeter: Default Locale=English (EN)
2022-03-16 11:04:43,489 INFO o.a.j.JMeter: JMeter  Locale=English (EN)
2022-03-16 11:04:43,489 INFO o.a.j.JMeter: JMeterHome=C:\Users\pa_sg33368\Documents\GitHub\public\Repo_Public\apache-jmeter-5.4.3
2022-03-16 11:04:43,489 INFO o.a.j.JMeter: user.dir  =C:\Users\pa_sg33368\Documents\GitHub\public\Repo_Public\apache-jmeter-5.4.3\bin
2022-03-16 11:04:43,490 INFO o.a.j.JMeter: PWD       =C:\Users\pa_sg33368\Documents\GitHub\public\Repo_Public\apache-jmeter-5.4.3\bin
2022-03-16 11:04:43,492 INFO o.a.j.JMeter: IP: 10.1.9.52 Name: SA-RSDNEOLOAD02 FullName: SA-RSDNEOLOAD02.zsservices.local
2022-03-16 11:04:43,672 INFO o.a.j.JMeter: Setting LAF to: laf:com.sun.java.swing.plaf.windows.WindowsLookAndFeel
2022-03-16 11:04:43,837 INFO o.a.j.JMeter: Loaded icon properties from org/apache/jmeter/images/icon.properties
2022-03-16 11:04:45,282 WARN o.j.r.PluginManager: Found JAR conflict: C:\Users\pa_sg33368\Documents\GitHub\public\Repo_Public\apache-jmeter-5.4.3\lib\cmdrunner-2.3.jar and C:\Users\pa_sg33368\Documents\GitHub\public\Repo_Public\apache-jmeter-5.4.3\lib\cmdrunner-2.2.jar
2022-03-16 11:04:45,283 WARN o.j.r.PluginManager: Found JAR conflict: C:\Users\pa_sg33368\Documents\GitHub\public\Repo_Public\apache-jmeter-5.4.3\lib\jmeter-plugins-cmn-jmeter-0.7.jar and C:\Users\pa_sg33368\Documents\GitHub\public\Repo_Public\apache-jmeter-5.4.3\lib\jmeter-plugins-cmn-jmeter-0.6.jar
2022-03-16 11:04:45,284 WARN o.j.r.PluginManager: Found JAR conflict: C:\Users\pa_sg33368\Documents\GitHub\public\Repo_Public\apache-jmeter-5.4.3\lib\ext\jmeter-plugins-manager-1.7.jar and C:\Users\pa_sg33368\Documents\GitHub\public\Repo_Public\apache-jmeter-5.4.3\lib\ext\jmeter-plugins-manager-1.3.jar
2022-03-16 11:04:45,589 INFO o.j.r.JARSourceHTTP: Requesting https://jmeter-plugins.org/repo/?installID=windows_server_2019-23db4b05b23a9b0ca0a93a5c0dcbef2f-gui
2022-03-16 11:04:46,670 INFO o.j.r.PluginManager: Plugins Status: [jpgc-cmd=2.2, jpgc-filterresults=2.2, jpgc-plugins-manager=1.3, jpgc-synthesis=2.2, jmeter-core=5.4.3, jmeter-ftp=5.4.3, jmeter-http=5.4.3, jmeter-jdbc=5.4.3, jmeter-jms=5.4.3, jmeter-junit=5.4.3, jmeter-java=5.4.3, jmeter-ldap=5.4.3, jmeter-mail=5.4.3, jmeter-mongodb=5.4.3, jmeter-native=5.4.3, jmeter-tcp=5.4.3, jmeter-components=5.4.3]
2022-03-16 11:04:46,676 INFO o.j.r.PluginManagerMenuItem: Plugins Manager has upgrades: [jpgc-plugins-manager]
2022-03-16 11:04:46,983 WARN o.a.j.g.ObjectTableModel: Header count=13 but classes count=11
2022-03-16 11:04:46,983 WARN o.a.j.g.ObjectTableModel: Header count=13 but writeFunctor count=11
